{"/Users/carlos.cienfuegos/Documents/javascript/tape-example/lib/change-calculator.js":{"path":"/Users/carlos.cienfuegos/Documents/javascript/tape-example/lib/change-calculator.js","s":{"1":1,"2":4,"3":4,"4":4,"5":4,"6":4,"7":48,"8":48,"9":22,"10":22,"11":23,"12":23,"13":4},"b":{"1":[22,26]},"f":{"1":4},"fnMap":{"1":{"name":"calculateChange","line":2,"loc":{"start":{"line":2,"column":17},"end":{"line":2,"column":66}}}},"statementMap":{"1":{"start":{"line":2,"column":0},"end":{"line":22,"column":4}},"2":{"start":{"line":4,"column":4},"end":{"line":4,"column":73}},"3":{"start":{"line":5,"column":4},"end":{"line":5,"column":20}},"4":{"start":{"line":6,"column":4},"end":{"line":6,"column":32}},"5":{"start":{"line":7,"column":4},"end":{"line":7,"column":44}},"6":{"start":{"line":9,"column":4},"end":{"line":20,"column":5}},"7":{"start":{"line":10,"column":6},"end":{"line":10,"column":26}},"8":{"start":{"line":12,"column":6},"end":{"line":19,"column":7}},"9":{"start":{"line":13,"column":8},"end":{"line":13,"column":47}},"10":{"start":{"line":15,"column":8},"end":{"line":18,"column":9}},"11":{"start":{"line":16,"column":10},"end":{"line":16,"column":28}},"12":{"start":{"line":17,"column":10},"end":{"line":17,"column":39}},"13":{"start":{"line":21,"column":4},"end":{"line":21,"column":18}}},"branchMap":{"1":{"line":12,"type":"if","locations":[{"start":{"line":12,"column":6},"end":{"line":12,"column":6}},{"start":{"line":12,"column":6},"end":{"line":12,"column":6}}]}}}}